<?xml version="1.0" encoding="UTF-8"?>
<!-- Generated by org.testng.reporters.JUnitReportReporter -->
<testsuite hostname="MYPROBOOK" failures="0" tests="1" name="com.mobile.bd.AppTest" time="11.722" errors="0" timestamp="2024-03-09T17:28:53 BDT" skipped="0">
  <testcase classname="com.mobile.bd.AppTest" name="test_app" time="11.722"/>
</testsuite> <!-- com.mobile.bd.AppTest -->
