<?xml version="1.0" encoding="UTF-8"?>
<!-- Generated by org.testng.reporters.JUnitReportReporter -->
<testsuite hostname="MYPROBOOK" failures="0" tests="1" name="com.mobile.bd.AppTest2" time="11.915" errors="0" timestamp="2024-03-09T17:22:53 BDT" skipped="0">
  <testcase classname="com.mobile.bd.AppTest2" name="test_app" time="11.915"/>
</testsuite> <!-- com.mobile.bd.AppTest2 -->
